#
# There is insufficient memory for the Java Runtime Environment to continue.
# Native memory allocation (malloc) failed to allocate 332768 bytes for Chunk::new
# Possible reasons:
#   The system is out of physical RAM or swap space
#   In 32 bit mode, the process size limit was hit
# Possible solutions:
#   Reduce memory load on the system
#   Increase physical memory or swap space
#   Check if swap backing store is full
#   Use 64 bit Java on a 64 bit OS
#   Decrease Java heap size (-Xmx/-Xms)
#   Decrease number of Java threads
#   Decrease Java thread stack sizes (-Xss)
#   Set larger code cache with -XX:ReservedCodeCacheSize=
# This output file may be truncated or incomplete.
#
#  Out of Memory Error (allocation.cpp:390), pid=7780, tid=0x0000000000000928
#
# JRE version: Java(TM) SE Runtime Environment (8.0_131-b11) (build 1.8.0_131-b11)
# Java VM: Java HotSpot(TM) 64-Bit Server VM (25.131-b11 mixed mode windows-amd64 compressed oops)
# Failed to write core dump. Minidumps are not enabled by default on client versions of Windows
#

---------------  T H R E A D  ---------------

Current thread (0x0000000055ff9000):  JavaThread "C2 CompilerThread1" daemon [_thread_in_native, id=2344, stack(0x0000000057fa0000,0x00000000580a0000)]

Stack: [0x0000000057fa0000,0x00000000580a0000]
[error occurred during error reporting (printing stack bounds), id 0xc0000005]

Native frames: (J=compiled Java code, j=interpreted, Vv=VM code, C=native code)


Current CompileTask:
C2:   6629 1590       4       sun.reflect.annotation.AnnotationInvocationHandler::invoke (277 bytes)


---------------  P R O C E S S  ---------------

Java Threads: ( => current thread )
  0x0000000057cb7800 JavaThread "background-preinit" [_thread_in_native, id=10216, stack(0x000000005aa80000,0x000000005ab80000)]
  0x0000000058d78800 JavaThread "restartedMain" [_thread_blocked, id=4380, stack(0x0000000058680000,0x0000000058780000)]
  0x0000000058d78000 JavaThread "Thread-1" [_thread_blocked, id=7848, stack(0x0000000058270000,0x0000000058370000)]
  0x0000000058b3a800 JavaThread "RMI TCP Accept-0" daemon [_thread_in_native, id=10600, stack(0x0000000059350000,0x0000000059450000)]
  0x0000000058ae5000 JavaThread "RMI TCP Accept-65207" daemon [_thread_in_native, id=4480, stack(0x00000000591d0000,0x00000000592d0000)]
  0x0000000058ad5000 JavaThread "RMI TCP Accept-0" daemon [_thread_in_native, id=11140, stack(0x00000000590b0000,0x00000000591b0000)]
  0x0000000057a5f000 JavaThread "Service Thread" daemon [_thread_blocked, id=10392, stack(0x0000000057430000,0x0000000057530000)]
  0x00000000579d2800 JavaThread "C1 CompilerThread2" daemon [_thread_blocked, id=11736, stack(0x0000000058170000,0x0000000058270000)]
=>0x0000000055ff9000 JavaThread "C2 CompilerThread1" daemon [_thread_in_native, id=2344, stack(0x0000000057fa0000,0x00000000580a0000)]
  0x0000000055ff6800 JavaThread "C2 CompilerThread0" daemon [_thread_in_native, id=8944, stack(0x00000000578d0000,0x00000000579d0000)]
  0x0000000055ff5000 JavaThread "Attach Listener" daemon [_thread_blocked, id=5076, stack(0x00000000576f0000,0x00000000577f0000)]
  0x0000000055ff2800 JavaThread "Signal Dispatcher" daemon [_thread_blocked, id=11448, stack(0x0000000057530000,0x0000000057630000)]
  0x0000000055fdc800 JavaThread "Finalizer" daemon [_thread_blocked, id=6080, stack(0x0000000057330000,0x0000000057430000)]
  0x0000000055f95800 JavaThread "Reference Handler" daemon [_thread_blocked, id=9968, stack(0x00000000571e0000,0x00000000572e0000)]
  0x0000000001b8a000 JavaThread "main" [_thread_blocked, id=3040, stack(0x00000000022b0000,0x00000000023b0000)]

Other Threads:
  0x0000000055f8d800 VMThread [stack: 0x0000000056ff0000,0x00000000570f0000] [id=9652]
  0x0000000058b41000 WatcherThread [stack: 0x0000000059500000,0x0000000059600000] [id=11080]

VM state:not at safepoint (normal execution)

VM Mutex/Monitor currently owned by a thread: None

Heap:
 PSYoungGen      total 53248K, used 43184K [0x00000000e0900000, 0x00000000e4100000, 0x0000000100000000)
  eden space 49152K, 79% used [0x00000000e0900000,0x00000000e2f30518,0x00000000e3900000)
  from space 4096K, 99% used [0x00000000e3d00000,0x00000000e40fbc08,0x00000000e4100000)
  to   space 4096K, 0% used [0x00000000e3900000,0x00000000e3900000,0x00000000e3d00000)
 ParOldGen       total 65536K, used 3435K [0x00000000a1a00000, 0x00000000a5a00000, 0x00000000e0900000)
  object space 65536K, 5% used [0x00000000a1a00000,0x00000000a1d5ada0,0x00000000a5a00000)
 Metaspace       used 19537K, capacity 19816K, committed 19968K, reserved 1067008K
  class space    used 2421K, capacity 2504K, committed 2560K, reserved 1048576K

Card table byte_map: [0x0000000011a40000,0x0000000011d40000] byte_map_base: 0x0000000011533000

Marking Bits: (ParMarkBitMap*) 0x000000006745c720
 Begin Bits: [0x00000000123d0000, 0x0000000013b68000)
 End Bits:   [0x0000000013b68000, 0x0000000015300000)

Polling page: 0x0000000001c50000

CodeCache: size=245760Kb used=5922Kb max_used=5922Kb free=239837Kb
 bounds [0x0000000002680000, 0x0000000002c50000, 0x0000000011680000]
 total_blobs=2015 nmethods=1636 adapters=291
 compilation: enabled

Compilation events (10 events):
Event: 6.567 Thread 0x00000000579d2800 1635       3       org.springframework.core.type.classreading.AnnotationMetadataReadingVisitor::getClassName (5 bytes)
Event: 6.567 Thread 0x00000000579d2800 nmethod 1635 0x0000000002c48150 code [0x0000000002c482a0, 0x0000000002c48410]
Event: 6.567 Thread 0x00000000579d2800 1636       3       org.springframework.asm.MethodVisitor::visitMethodInsn (68 bytes)
Event: 6.568 Thread 0x00000000579d2800 nmethod 1636 0x0000000002c48490 code [0x0000000002c48620, 0x0000000002c48aa8]
Event: 6.602 Thread 0x00000000579d2800 1637       1       java.io.ExpiringCache$Entry::val (5 bytes)
Event: 6.603 Thread 0x00000000579d2800 nmethod 1637 0x0000000002c48c10 code [0x0000000002c48d60, 0x0000000002c48e70]
Event: 6.604 Thread 0x00000000579d2800 1638       3       java.util.HashMap::removeNode (291 bytes)
Event: 6.607 Thread 0x00000000579d2800 nmethod 1638 0x0000000002c48ed0 code [0x0000000002c49120, 0x0000000002c4a318]
Event: 6.608 Thread 0x00000000579d2800 1640       3       org.springframework.asm.Type::<init> (26 bytes)
Event: 6.608 Thread 0x00000000579d2800 nmethod 1640 0x0000000002c4a990 code [0x0000000002c4aae0, 0x0000000002c4acb0]

GC Heap History (8 events):
Event: 3.108 GC heap before
{Heap before GC invocations=1 (full 0):
 PSYoungGen      total 28672K, used 24576K [0x00000000e0900000, 0x00000000e2900000, 0x0000000100000000)
  eden space 24576K, 100% used [0x00000000e0900000,0x00000000e2100000,0x00000000e2100000)
  from space 4096K, 0% used [0x00000000e2500000,0x00000000e2500000,0x00000000e2900000)
  to   space 4096K, 0% used [0x00000000e2100000,0x00000000e2100000,0x00000000e2500000)
 ParOldGen       total 65536K, used 0K [0x00000000a1a00000, 0x00000000a5a00000, 0x00000000e0900000)
  object space 65536K, 0% used [0x00000000a1a00000,0x00000000a1a00000,0x00000000a5a00000)
 Metaspace       used 10252K, capacity 10432K, committed 10624K, reserved 1058816K
  class space    used 1252K, capacity 1322K, committed 1408K, reserved 1048576K
Event: 3.128 GC heap after
Heap after GC invocations=1 (full 0):
 PSYoungGen      total 28672K, used 4001K [0x00000000e0900000, 0x00000000e2900000, 0x0000000100000000)
  eden space 24576K, 0% used [0x00000000e0900000,0x00000000e0900000,0x00000000e2100000)
  from space 4096K, 97% used [0x00000000e2100000,0x00000000e24e8520,0x00000000e2500000)
  to   space 4096K, 0% used [0x00000000e2500000,0x00000000e2500000,0x00000000e2900000)
 ParOldGen       total 65536K, used 16K [0x00000000a1a00000, 0x00000000a5a00000, 0x00000000e0900000)
  object space 65536K, 0% used [0x00000000a1a00000,0x00000000a1a04000,0x00000000a5a00000)
 Metaspace       used 10252K, capacity 10432K, committed 10624K, reserved 1058816K
  class space    used 1252K, capacity 1322K, committed 1408K, reserved 1048576K
}
Event: 3.384 GC heap before
{Heap before GC invocations=2 (full 0):
 PSYoungGen      total 28672K, used 28577K [0x00000000e0900000, 0x00000000e2900000, 0x0000000100000000)
  eden space 24576K, 100% used [0x00000000e0900000,0x00000000e2100000,0x00000000e2100000)
  from space 4096K, 97% used [0x00000000e2100000,0x00000000e24e8520,0x00000000e2500000)
  to   space 4096K, 0% used [0x00000000e2500000,0x00000000e2500000,0x00000000e2900000)
 ParOldGen       total 65536K, used 16K [0x00000000a1a00000, 0x00000000a5a00000, 0x00000000e0900000)
  object space 65536K, 0% used [0x00000000a1a00000,0x00000000a1a04000,0x00000000a5a00000)
 Metaspace       used 10433K, capacity 10666K, committed 10880K, reserved 1058816K
  class space    used 1275K, capacity 1356K, committed 1408K, reserved 1048576K
Event: 3.557 GC heap after
Heap after GC invocations=2 (full 0):
 PSYoungGen      total 28672K, used 3008K [0x00000000e0900000, 0x00000000e4100000, 0x0000000100000000)
  eden space 24576K, 0% used [0x00000000e0900000,0x00000000e0900000,0x00000000e2100000)
  from space 4096K, 73% used [0x00000000e2500000,0x00000000e27f0110,0x00000000e2900000)
  to   space 4096K, 0% used [0x00000000e2100000,0x00000000e2100000,0x00000000e2500000)
 ParOldGen       total 65536K, used 24K [0x00000000a1a00000, 0x00000000a5a00000, 0x00000000e0900000)
  object space 65536K, 0% used [0x00000000a1a00000,0x00000000a1a06000,0x00000000a5a00000)
 Metaspace       used 10433K, capacity 10666K, committed 10880K, reserved 1058816K
  class space    used 1275K, capacity 1356K, committed 1408K, reserved 1048576K
}
Event: 4.626 GC heap before
{Heap before GC invocations=3 (full 0):
 PSYoungGen      total 28672K, used 27584K [0x00000000e0900000, 0x00000000e4100000, 0x0000000100000000)
  eden space 24576K, 100% used [0x00000000e0900000,0x00000000e2100000,0x00000000e2100000)
  from space 4096K, 73% used [0x00000000e2500000,0x00000000e27f0110,0x00000000e2900000)
  to   space 4096K, 0% used [0x00000000e2100000,0x00000000e2100000,0x00000000e2500000)
 ParOldGen       total 65536K, used 24K [0x00000000a1a00000, 0x00000000a5a00000, 0x00000000e0900000)
  object space 65536K, 0% used [0x00000000a1a00000,0x00000000a1a06000,0x00000000a5a00000)
 Metaspace       used 13533K, capacity 13770K, committed 14080K, reserved 1060864K
  class space    used 1698K, capacity 1772K, committed 1792K, reserved 1048576K
Event: 4.638 GC heap after
Heap after GC invocations=3 (full 0):
 PSYoungGen      total 28672K, used 4080K [0x00000000e0900000, 0x00000000e4100000, 0x0000000100000000)
  eden space 24576K, 0% used [0x00000000e0900000,0x00000000e0900000,0x00000000e2100000)
  from space 4096K, 99% used [0x00000000e2100000,0x00000000e24fc150,0x00000000e2500000)
  to   space 4096K, 0% used [0x00000000e3d00000,0x00000000e3d00000,0x00000000e4100000)
 ParOldGen       total 65536K, used 1309K [0x00000000a1a00000, 0x00000000a5a00000, 0x00000000e0900000)
  object space 65536K, 1% used [0x00000000a1a00000,0x00000000a1b474b0,0x00000000a5a00000)
 Metaspace       used 13533K, capacity 13770K, committed 14080K, reserved 1060864K
  class space    used 1698K, capacity 1772K, committed 1792K, reserved 1048576K
}
Event: 5.291 GC heap before
{Heap before GC invocations=4 (full 0):
 PSYoungGen      total 28672K, used 28656K [0x00000000e0900000, 0x00000000e4100000, 0x0000000100000000)
  eden space 24576K, 100% used [0x00000000e0900000,0x00000000e2100000,0x00000000e2100000)
  from space 4096K, 99% used [0x00000000e2100000,0x00000000e24fc150,0x00000000e2500000)
  to   space 4096K, 0% used [0x00000000e3d00000,0x00000000e3d00000,0x00000000e4100000)
 ParOldGen       total 65536K, used 1309K [0x00000000a1a00000, 0x00000000a5a00000, 0x00000000e0900000)
  object space 65536K, 1% used [0x00000000a1a00000,0x00000000a1b474b0,0x00000000a5a00000)
 Metaspace       used 16491K, capacity 16720K, committed 17024K, reserved 1064960K
  class space    used 2072K, capacity 2157K, committed 2176K, reserved 1048576K
Event: 5.321 GC heap after
Heap after GC invocations=4 (full 0):
 PSYoungGen      total 53248K, used 4079K [0x00000000e0900000, 0x00000000e4100000, 0x0000000100000000)
  eden space 49152K, 0% used [0x00000000e0900000,0x00000000e0900000,0x00000000e3900000)
  from space 4096K, 99% used [0x00000000e3d00000,0x00000000e40fbc08,0x00000000e4100000)
  to   space 4096K, 0% used [0x00000000e3900000,0x00000000e3900000,0x00000000e3d00000)
 ParOldGen       total 65536K, used 3435K [0x00000000a1a00000, 0x00000000a5a00000, 0x00000000e0900000)
  object space 65536K, 5% used [0x00000000a1a00000,0x00000000a1d5ada0,0x00000000a5a00000)
 Metaspace       used 16491K, capacity 16720K, committed 17024K, reserved 1064960K
  class space    used 2072K, capacity 2157K, committed 2176K, reserved 1048576K
}

Deoptimization events (10 events):
Event: 5.372 Thread 0x0000000058d78800 Uncommon trap: reason=class_check action=maybe_recompile pc=0x0000000002a0ed58 method=java.util.regex.Pattern$CharProperty.match(Ljava/util/regex/Matcher;ILjava/lang/CharSequence;)Z @ 37
Event: 5.934 Thread 0x0000000057cb7800 Uncommon trap: reason=unstable_if action=reinterpret pc=0x0000000002b48c3c method=com.sun.org.apache.xerces.internal.impl.XMLEntityScanner.scanLiteral(ILcom/sun/org/apache/xerces/internal/xni/XMLString;Z)I @ 570
Event: 6.026 Thread 0x0000000057cb7800 Uncommon trap: reason=unstable_if action=reinterpret pc=0x0000000002b49ccc method=com.sun.org.apache.xerces.internal.impl.XMLEntityScanner.skipSpaces()Z @ 125
Event: 6.128 Thread 0x0000000057cb7800 Uncommon trap: reason=unstable_if action=reinterpret pc=0x0000000002bb3b38 method=com.sun.org.apache.xerces.internal.util.SymbolTable.addSymbol([CII)Ljava/lang/String; @ 38
Event: 6.129 Thread 0x0000000057cb7800 Uncommon trap: reason=unstable_if action=reinterpret pc=0x0000000002b90d4c method=com.sun.org.apache.xerces.internal.impl.XMLEntityScanner.scanLiteral(ILcom/sun/org/apache/xerces/internal/xni/XMLString;Z)I @ 44
Event: 6.143 Thread 0x0000000057cb7800 Uncommon trap: reason=unstable_if action=reinterpret pc=0x0000000002b7b8e8 method=com.sun.org.apache.xerces.internal.util.SymbolTable.addSymbol([CII)Ljava/lang/String; @ 38
Event: 6.350 Thread 0x0000000057cb7800 Uncommon trap: reason=class_check action=maybe_recompile pc=0x0000000002a1b7cc method=java.util.regex.Matcher.search(I)Z @ 86
Event: 6.350 Thread 0x0000000057cb7800 Uncommon trap: reason=bimorphic action=maybe_recompile pc=0x0000000002a84b20 method=java.util.regex.Pattern$BmpCharProperty.match(Ljava/util/regex/Matcher;ILjava/lang/CharSequence;)Z @ 31
Event: 6.350 Thread 0x0000000057cb7800 Uncommon trap: reason=unstable_if action=reinterpret pc=0x0000000002a84ac8 method=java.util.regex.Pattern$BmpCharProperty.match(Ljava/util/regex/Matcher;ILjava/lang/CharSequence;)Z @ 5
Event: 6.400 Thread 0x0000000057cb7800 Uncommon trap: reason=unstable_if action=reinterpret pc=0x00000000028f4864 method=sun.misc.URLClassPath$JarLoader.ensureOpen()V @ 4

Internal exceptions (10 events):
Event: 4.173 Thread 0x0000000058d78800 Exception <a 'java/lang/ClassNotFoundException': org/springframework/boot/SpringApplicationCustomizer> (0x00000000e1262140) thrown at [C:\re\workspace\8-2-build-windows-amd64-cygwin\jdk8u131\8869\hotspot\src\share\vm\classfile\systemDictionary.cpp, line 2
Event: 4.732 Thread 0x0000000058d78800 Implicit null exception at 0x0000000002956405 to 0x00000000029565d9
Event: 5.201 Thread 0x0000000058d78800 Exception <a 'java/lang/ClassNotFoundException': java/lang/ObjectCustomizer> (0x00000000e1dc7490) thrown at [C:\re\workspace\8-2-build-windows-amd64-cygwin\jdk8u131\8869\hotspot\src\share\vm\classfile\systemDictionary.cpp, line 210]
Event: 5.203 Thread 0x0000000058d78800 Exception <a 'java/lang/ClassNotFoundException': org/springframework/context/annotation/ConfigurationClassPostProcessorCustomizer> (0x00000000e1e24948) thrown at [C:\re\workspace\8-2-build-windows-amd64-cygwin\jdk8u131\8869\hotspot\src\share\vm\classfile\
Event: 5.208 Thread 0x0000000058d78800 Exception <a 'java/lang/ClassNotFoundException': org/springframework/beans/factory/support/BeanDefinitionRegistryPostProcessorCustomizer> (0x00000000e1e85fa0) thrown at [C:\re\workspace\8-2-build-windows-amd64-cygwin\jdk8u131\8869\hotspot\src\share\vm\cla
Event: 5.216 Thread 0x0000000058d78800 Exception <a 'java/lang/ClassNotFoundException': org/springframework/core/PriorityOrderedCustomizer> (0x00000000e1e96308) thrown at [C:\re\workspace\8-2-build-windows-amd64-cygwin\jdk8u131\8869\hotspot\src\share\vm\classfile\systemDictionary.cpp, line 210
Event: 5.218 Thread 0x0000000058d78800 Exception <a 'java/lang/ClassNotFoundException': org/springframework/context/ResourceLoaderAwareCustomizer> (0x00000000e1edfd50) thrown at [C:\re\workspace\8-2-build-windows-amd64-cygwin\jdk8u131\8869\hotspot\src\share\vm\classfile\systemDictionary.cpp, l
Event: 5.219 Thread 0x0000000058d78800 Exception <a 'java/lang/ClassNotFoundException': org/springframework/beans/factory/BeanClassLoaderAwareCustomizer> (0x00000000e1ef2f10) thrown at [C:\re\workspace\8-2-build-windows-amd64-cygwin\jdk8u131\8869\hotspot\src\share\vm\classfile\systemDictionary
Event: 5.220 Thread 0x0000000058d78800 Exception <a 'java/lang/ClassNotFoundException': org/springframework/context/EnvironmentAwareCustomizer> (0x00000000e1f04280) thrown at [C:\re\workspace\8-2-build-windows-amd64-cygwin\jdk8u131\8869\hotspot\src\share\vm\classfile\systemDictionary.cpp, line
Event: 6.400 Thread 0x0000000057cb7800 Implicit null exception at 0x00000000028f383a to 0x00000000028f484d

Events (10 events):
Event: 6.603 loading class javax/persistence/Persistence$1
Event: 6.603 loading class javax/persistence/Persistence$1 done
Event: 6.604 loading class org/hibernate/validator/internal/util/ReflectionHelper
Event: 6.604 loading class org/hibernate/validator/internal/util/ReflectionHelper done
Event: 6.607 loading class org/hibernate/validator/internal/util/logging/Log_$logger_fr_FR
Event: 6.607 loading class org/hibernate/validator/internal/util/logging/Log_$logger_fr_FR done
Event: 6.608 loading class org/hibernate/validator/internal/util/logging/Log_$logger_fr
Event: 6.608 loading class org/hibernate/validator/internal/util/logging/Log_$logger_fr done
Event: 6.609 loading class org/hibernate/validator/internal/engine/resolver/JPATraversableResolver
Event: 6.609 loading class org/hibernate/validator/internal/engine/resolver/JPATraversableResolver done


Dynamic libraries:
0x000000013f380000 - 0x000000013f3b7000 	C:\Program Files\Java\jre1.8.0_131\bin\javaw.exe
0x0000000076ff0000 - 0x0000000077199000 	C:\Windows\SYSTEM32\ntdll.dll
0x0000000076ed0000 - 0x0000000076fef000 	C:\Windows\system32\kernel32.dll
0x000007fefcff0000 - 0x000007fefd05b000 	C:\Windows\system32\KERNELBASE.dll
0x000007fefdb60000 - 0x000007fefdc3b000 	C:\Windows\system32\ADVAPI32.dll
0x000007fefd940000 - 0x000007fefd9df000 	C:\Windows\system32\msvcrt.dll
0x000007fefdd40000 - 0x000007fefdd5f000 	C:\Windows\SYSTEM32\sechost.dll
0x000007fefd430000 - 0x000007fefd55d000 	C:\Windows\system32\RPCRT4.dll
0x0000000076dd0000 - 0x0000000076eca000 	C:\Windows\system32\USER32.dll
0x000007fefdcd0000 - 0x000007fefdd37000 	C:\Windows\system32\GDI32.dll
0x000007fefd310000 - 0x000007fefd31e000 	C:\Windows\system32\LPK.dll
0x000007fefdfd0000 - 0x000007fefe099000 	C:\Windows\system32\USP10.dll
0x000007fefba10000 - 0x000007fefbc04000 	C:\Windows\WinSxS\amd64_microsoft.windows.common-controls_6595b64144ccf1df_6.0.7601.17514_none_fa396087175ac9ac\COMCTL32.dll
0x000007fefe0a0000 - 0x000007fefe111000 	C:\Windows\system32\SHLWAPI.dll
0x000007feff090000 - 0x000007feff0be000 	C:\Windows\system32\IMM32.DLL
0x000007feff1f0000 - 0x000007feff2f9000 	C:\Windows\system32\MSCTF.dll
0x0000000068270000 - 0x0000000068342000 	C:\Program Files\Java\jre1.8.0_131\bin\msvcr100.dll
0x0000000066c40000 - 0x00000000674dc000 	C:\Program Files\Java\jre1.8.0_131\bin\server\jvm.dll
0x000007fef8a80000 - 0x000007fef8a89000 	C:\Windows\system32\WSOCK32.dll
0x000007fefd3c0000 - 0x000007fefd40d000 	C:\Windows\system32\WS2_32.dll
0x000007fefdc40000 - 0x000007fefdc48000 	C:\Windows\system32\NSI.dll
0x000007fefaf30000 - 0x000007fefaf6b000 	C:\Windows\system32\WINMM.dll
0x000007fefc0a0000 - 0x000007fefc0ac000 	C:\Windows\system32\VERSION.dll
0x00000000771b0000 - 0x00000000771b7000 	C:\Windows\system32\PSAPI.DLL
0x0000000073d70000 - 0x0000000073d7f000 	C:\Program Files\Java\jre1.8.0_131\bin\verify.dll
0x00000000736b0000 - 0x00000000736d9000 	C:\Program Files\Java\jre1.8.0_131\bin\java.dll
0x0000000073690000 - 0x00000000736a6000 	C:\Program Files\Java\jre1.8.0_131\bin\zip.dll
0x000007fefe300000 - 0x000007feff088000 	C:\Windows\system32\SHELL32.dll
0x000007fefdd60000 - 0x000007fefdf63000 	C:\Windows\system32\ole32.dll
0x000007fefcf40000 - 0x000007fefcf4f000 	C:\Windows\system32\profapi.dll
0x00000000736f0000 - 0x00000000736fd000 	C:\Program Files\Java\jre1.8.0_131\bin\management.dll
0x0000000073060000 - 0x000000007307a000 	C:\Program Files\Java\jre1.8.0_131\bin\net.dll
0x000007fefc7b0000 - 0x000007fefc805000 	C:\Windows\system32\mswsock.dll
0x000007fefc7a0000 - 0x000007fefc7a7000 	C:\Windows\System32\wship6.dll
0x0000000073040000 - 0x0000000073051000 	C:\Program Files\Java\jre1.8.0_131\bin\nio.dll
0x000007fefafb0000 - 0x000007fefafc5000 	C:\Windows\system32\NLAapi.dll
0x000007fee9170000 - 0x000007fee9185000 	C:\Windows\system32\napinsp.dll
0x000007fee9150000 - 0x000007fee9169000 	C:\Windows\system32\pnrpnsp.dll
0x000007fefc630000 - 0x000007fefc68b000 	C:\Windows\system32\DNSAPI.dll
0x000007fee9140000 - 0x000007fee914b000 	C:\Windows\System32\winrnr.dll
0x000007fee9130000 - 0x000007fee9140000 	C:\Windows\system32\wshbth.dll
0x000007fefc170000 - 0x000007fefc177000 	C:\Windows\System32\wshtcpip.dll
0x000007fefa410000 - 0x000007fefa437000 	C:\Windows\system32\IPHLPAPI.DLL
0x000007fefa400000 - 0x000007fefa40b000 	C:\Windows\system32\WINNSI.DLL
0x000007fef74b0000 - 0x000007fef74b8000 	C:\Windows\system32\rasadhlp.dll
0x000007fefa0a0000 - 0x000007fefa0f3000 	C:\Windows\System32\fwpuclnt.dll
0x000007fefc810000 - 0x000007fefc827000 	C:\Windows\system32\CRYPTSP.dll
0x000007fefc510000 - 0x000007fefc557000 	C:\Windows\system32\rsaenh.dll
0x000007fefc290000 - 0x000007fefc2ae000 	C:\Windows\system32\USERENV.dll
0x000007fefce70000 - 0x000007fefce7f000 	C:\Windows\system32\CRYPTBASE.dll
0x000007fefa280000 - 0x000007fefa298000 	C:\Windows\system32\dhcpcsvc.DLL
0x000007fef9db0000 - 0x000007fef9dc1000 	C:\Windows\system32\dhcpcsvc6.DLL

VM Arguments:
jvm_args: -Dcom.sun.management.jmxremote -Dcom.sun.management.jmxremote.port=65207 -Dcom.sun.management.jmxremote.authenticate=false -Dcom.sun.management.jmxremote.ssl=false -Dspring.liveBeansView.mbeanDomain -Dspring.application.admin.enabled=true -Dfile.encoding=UTF-8 
java_command: org.sid.Angular4Application
java_class_path (initial): C:\Users\Mohyeddyn\Desktop\works\ws\angular4\target\classes;C:\Users\Mohyeddyn\.m2\repository\org\springframework\boot\spring-boot-starter-data-jpa\1.5.7.RELEASE\spring-boot-starter-data-jpa-1.5.7.RELEASE.jar;C:\Users\Mohyeddyn\.m2\repository\org\springframework\boot\spring-boot-starter\1.5.7.RELEASE\spring-boot-starter-1.5.7.RELEASE.jar;C:\Users\Mohyeddyn\.m2\repository\org\springframework\boot\spring-boot-starter-logging\1.5.7.RELEASE\spring-boot-starter-logging-1.5.7.RELEASE.jar;C:\Users\Mohyeddyn\.m2\repository\ch\qos\logback\logback-classic\1.1.11\logback-classic-1.1.11.jar;C:\Users\Mohyeddyn\.m2\repository\ch\qos\logback\logback-core\1.1.11\logback-core-1.1.11.jar;C:\Users\Mohyeddyn\.m2\repository\org\slf4j\jul-to-slf4j\1.7.25\jul-to-slf4j-1.7.25.jar;C:\Users\Mohyeddyn\.m2\repository\org\slf4j\log4j-over-slf4j\1.7.25\log4j-over-slf4j-1.7.25.jar;C:\Users\Mohyeddyn\.m2\repository\org\yaml\snakeyaml\1.17\snakeyaml-1.17.jar;C:\Users\Mohyeddyn\.m2\repository\org\springframework\boot\spring-boot-starter-aop\1.5.7.RELEASE\spring-boot-starter-aop-1.5.7.RELEASE.jar;C:\Users\Mohyeddyn\.m2\repository\org\springframework\spring-aop\4.3.11.RELEASE\spring-aop-4.3.11.RELEASE.jar;C:\Users\Mohyeddyn\.m2\repository\org\aspectj\aspectjweaver\1.8.10\aspectjweaver-1.8.10.jar;C:\Users\Mohyeddyn\.m2\repository\org\springframework\boot\spring-boot-starter-jdbc\1.5.7.RELEASE\spring-boot-starter-jdbc-1.5.7.RELEASE.jar;C:\Users\Mohyeddyn\.m2\repository\org\apache\tomcat\tomcat-jdbc\8.5.20\tomcat-jdbc-8.5.20.jar;C:\Users\Mohyeddyn\.m2\repository\org\apache\tomcat\tomcat-juli\8.5.20\tomcat-juli-8.5.20.jar;C:\Users\Mohyeddyn\.m2\repository\org\springframework\spring-jdbc\4.3.11.RELEASE\spring-jdbc-4.3.11.RELEASE.jar;C:\Users\Mohyeddyn\.m2\repository\org\hibernate\hibernate-core\5.0.12.Final\hibernate-core-5.0.12.Final.jar;C:\Users\Mohyeddyn\.m2\repository\org\jboss\logging\jboss-logging\3.3.1.Final\jboss-logging-3.3.1.Final.jar;C:\Users\Mohyeddyn\.m2\repository
Launcher Type: SUN_STANDARD

Environment Variables:
JAVA_HOME=C:\Program Files\Java\jdk1.8.0_91
PATH=C:/Program Files/Java/jre1.8.0_131/bin/server;C:/Program Files/Java/jre1.8.0_131/bin;C:/Program Files/Java/jre1.8.0_131/lib/amd64;C:\ProgramData\Oracle\Java\javapath;C:\Program Files (x86)\Intel\iCLS Client\;C:\Program Files\Intel\iCLS Client\;C:\Windows\system32;C:\Windows;C:\Windows\System32\Wbem;C:\Windows\System32\WindowsPowerShell\v1.0\;C:\Program Files\Intel\Intel(R) Management Engine Components\DAL;C:\Program Files\Intel\Intel(R) Management Engine Components\IPT;C:\Program Files (x86)\Intel\Intel(R) Management Engine Components\DAL;C:\Program Files (x86)\Intel\Intel(R) Management Engine Components\IPT;%JAVA_HOME%;C:\Program Files\Git\cmd;C:\Program Files (x86)\Toshiba\Bluetooth Toshiba Stack\sys\;C:\Program Files (x86)\Toshiba\Bluetooth Toshiba Stack\sys\x64\;C:\Program Files\nodejs\;C:\Program Files (x86)\Intel\OpenCL SDK\2.0\bin\x86;C:\Program Files (x86)\Intel\OpenCL SDK\2.0\bin\x64;C:\Users\Mohyeddyn\AppData\Roaming\npm;C:\Program Files\Microsoft VS Code\bin;C:\Users\Mohyeddyn\Desktop\works\eclipse;
USERNAME=Mohyeddyn
OS=Windows_NT
PROCESSOR_IDENTIFIER=Intel64 Family 6 Model 58 Stepping 9, GenuineIntel



---------------  S Y S T E M  ---------------

OS: Windows 7 , 64 bit Build 7601 (6.1.7601.17514)

CPU:total 4 (initial active 4) (2 cores per cpu, 2 threads per core) family 6 model 58 stepping 9, cmov, cx8, fxsr, mmx, sse, sse2, sse3, ssse3, sse4.1, sse4.2, popcnt, avx, aes, clmul, erms, ht, tsc, tscinvbit, tscinv

Memory: 4k page, physical 6183080k(89852k free), swap 8368412k(5492k free)

vm_info: Java HotSpot(TM) 64-Bit Server VM (25.131-b11) for windows-amd64 JRE (1.8.0_131-b11), built on Mar 15 2017 01:23:53 by "java_re" with MS VC++ 10.0 (VS2010)

time: Mon Oct 23 14:45:51 2017
elapsed time: 6 seconds (0d 0h 0m 6s)

